#! /Users/mvasconezg/oss-cad-suite/bin/vvp
:ivl_version "14.0 (devel)" "(s20260301-168-g7b2c05045-dirty)";
:ivl_delay_selection "TYPICAL";
:vpi_time_precision + 0;
:vpi_module "/Users/mvasconezg/oss-cad-suite/lib/ivl/system.vpi";
:vpi_module "/Users/mvasconezg/oss-cad-suite/lib/ivl/vhdl_sys.vpi";
:vpi_module "/Users/mvasconezg/oss-cad-suite/lib/ivl/vhdl_textio.vpi";
:vpi_module "/Users/mvasconezg/oss-cad-suite/lib/ivl/v2005_math.vpi";
:vpi_module "/Users/mvasconezg/oss-cad-suite/lib/ivl/va_math.vpi";
S_0x1055ffbe0 .scope module, "uart_rx" "uart_rx" 2 1;
 .timescale 0 0;
    .port_info 0 /INPUT 1 "clk";
    .port_info 1 /INPUT 1 "rst";
    .port_info 2 /INPUT 1 "rx";
    .port_info 3 /OUTPUT 8 "data_out";
    .port_info 4 /OUTPUT 1 "rx_done";
P_0x1055f8bb0 .param/l "DATA" 1 2 13, C4<10>;
P_0x1055f8bf0 .param/l "IDLE" 1 2 11, C4<00>;
P_0x1055f8c30 .param/l "START" 1 2 12, C4<01>;
P_0x1055f8c70 .param/l "STOP" 1 2 14, C4<11>;
v0x1055ffe00_0 .var "bit_count", 2 0;
o0xb92c20040 .functor BUFZ 1, c4<z>; HiZ drive
v0x1055ffea0_0 .net "clk", 0 0, o0xb92c20040;  0 drivers
v0x1055fff40_0 .var "current_state", 1 0;
v0x1055fffe0_0 .var "data_out", 7 0;
v0x105600080_0 .var "data_reg", 7 0;
o0xb92c20100 .functor BUFZ 1, c4<z>; HiZ drive
v0x105600120_0 .net "rst", 0 0, o0xb92c20100;  0 drivers
o0xb92c20130 .functor BUFZ 1, c4<z>; HiZ drive
v0x1056001c0_0 .net "rx", 0 0, o0xb92c20130;  0 drivers
v0x105600260_0 .var "rx_done", 0 0;
E_0xb92854300 .event posedge, v0x105600120_0, v0x1055ffea0_0;
    .scope S_0x1055ffbe0;
T_0 ;
    %wait E_0xb92854300;
    %load/vec4 v0x105600120_0;
    %flag_set/vec4 8;
    %jmp/0xz  T_0.0, 8;
    %pushi/vec4 0, 0, 2;
    %assign/vec4 v0x1055fff40_0, 0;
    %pushi/vec4 0, 0, 8;
    %assign/vec4 v0x105600080_0, 0;
    %pushi/vec4 0, 0, 3;
    %assign/vec4 v0x1055ffe00_0, 0;
    %pushi/vec4 0, 0, 8;
    %assign/vec4 v0x1055fffe0_0, 0;
    %pushi/vec4 0, 0, 1;
    %assign/vec4 v0x105600260_0, 0;
    %jmp T_0.1;
T_0.0 ;
    %pushi/vec4 0, 0, 1;
    %assign/vec4 v0x105600260_0, 0;
    %load/vec4 v0x1055fff40_0;
    %dup/vec4;
    %pushi/vec4 0, 0, 2;
    %cmp/e;
    %jmp/1 T_0.2, 6;
    %dup/vec4;
    %pushi/vec4 1, 0, 2;
    %cmp/e;
    %jmp/1 T_0.3, 6;
    %dup/vec4;
    %pushi/vec4 2, 0, 2;
    %cmp/e;
    %jmp/1 T_0.4, 6;
    %dup/vec4;
    %pushi/vec4 3, 0, 2;
    %cmp/e;
    %jmp/1 T_0.5, 6;
    %pushi/vec4 0, 0, 2;
    %assign/vec4 v0x1055fff40_0, 0;
    %jmp T_0.7;
T_0.2 ;
    %load/vec4 v0x1056001c0_0;
    %cmpi/e 0, 0, 1;
    %jmp/0xz  T_0.8, 4;
    %pushi/vec4 1, 0, 2;
    %assign/vec4 v0x1055fff40_0, 0;
T_0.8 ;
    %jmp T_0.7;
T_0.3 ;
    %pushi/vec4 0, 0, 3;
    %assign/vec4 v0x1055ffe00_0, 0;
    %pushi/vec4 2, 0, 2;
    %assign/vec4 v0x1055fff40_0, 0;
    %jmp T_0.7;
T_0.4 ;
    %load/vec4 v0x1056001c0_0;
    %ix/load 5, 0, 0;
    %ix/getv 4, v0x1055ffe00_0;
    %assign/vec4/off/d v0x105600080_0, 4, 5;
    %load/vec4 v0x1055ffe00_0;
    %cmpi/e 7, 0, 3;
    %jmp/0xz  T_0.10, 4;
    %pushi/vec4 3, 0, 2;
    %assign/vec4 v0x1055fff40_0, 0;
    %jmp T_0.11;
T_0.10 ;
    %load/vec4 v0x1055ffe00_0;
    %addi 1, 0, 3;
    %assign/vec4 v0x1055ffe00_0, 0;
T_0.11 ;
    %jmp T_0.7;
T_0.5 ;
    %load/vec4 v0x1056001c0_0;
    %cmpi/e 1, 0, 1;
    %jmp/0xz  T_0.12, 4;
    %load/vec4 v0x105600080_0;
    %assign/vec4 v0x1055fffe0_0, 0;
    %pushi/vec4 1, 0, 1;
    %assign/vec4 v0x105600260_0, 0;
T_0.12 ;
    %pushi/vec4 0, 0, 2;
    %assign/vec4 v0x1055fff40_0, 0;
    %jmp T_0.7;
T_0.7 ;
    %pop/vec4 1;
T_0.1 ;
    %jmp T_0;
    .thread T_0;
# The file index is used to find the file name in the following table.
:file_names 3;
    "N/A";
    "<interactive>";
    "uart_rx.v";
