#! /Users/mvasconezg/oss-cad-suite/bin/vvp
:ivl_version "14.0 (devel)" "(s20260301-168-g7b2c05045-dirty)";
:ivl_delay_selection "TYPICAL";
:vpi_time_precision + 0;
:vpi_module "/Users/mvasconezg/oss-cad-suite/lib/ivl/system.vpi";
:vpi_module "/Users/mvasconezg/oss-cad-suite/lib/ivl/vhdl_sys.vpi";
:vpi_module "/Users/mvasconezg/oss-cad-suite/lib/ivl/vhdl_textio.vpi";
:vpi_module "/Users/mvasconezg/oss-cad-suite/lib/ivl/v2005_math.vpi";
:vpi_module "/Users/mvasconezg/oss-cad-suite/lib/ivl/va_math.vpi";
S_0x10501c380 .scope module, "uart_tx" "uart_tx" 2 1;
 .timescale 0 0;
    .port_info 0 /INPUT 1 "clk";
    .port_info 1 /INPUT 1 "rst";
    .port_info 2 /INPUT 1 "tx_start";
    .port_info 3 /INPUT 8 "data";
    .port_info 4 /OUTPUT 1 "tx";
    .port_info 5 /OUTPUT 1 "tx_done";
P_0x1050222b0 .param/l "DATA" 1 2 14, C4<10>;
P_0x1050222f0 .param/l "IDLE" 1 2 12, C4<00>;
P_0x105022330 .param/l "START" 1 2 13, C4<01>;
P_0x105022370 .param/l "STOP" 1 2 15, C4<11>;
v0x105022470_0 .var "bit_count", 2 0;
o0x7fac20040 .functor BUFZ 1, c4<z>; HiZ drive
v0x105022740_0 .net "clk", 0 0, o0x7fac20040;  0 drivers
v0x1050227f0_0 .var "current_state", 1 0;
o0x7fac200a0 .functor BUFZ 8, c4<zzzzzzzz>; HiZ drive
v0x105022890_0 .net "data", 7 0, o0x7fac200a0;  0 drivers
v0x105022930_0 .var "data_reg", 7 0;
o0x7fac20100 .functor BUFZ 1, c4<z>; HiZ drive
v0x105022a20_0 .net "rst", 0 0, o0x7fac20100;  0 drivers
v0x105022ac0_0 .var "tx", 0 0;
v0x105022b70_0 .var "tx_done", 0 0;
o0x7fac20190 .functor BUFZ 1, c4<z>; HiZ drive
v0x105022c20_0 .net "tx_start", 0 0, o0x7fac20190;  0 drivers
E_0x10501cf00 .event posedge, v0x105022a20_0, v0x105022740_0;
    .scope S_0x10501c380;
T_0 ;
    %wait E_0x10501cf00;
    %load/vec4 v0x105022a20_0;
    %flag_set/vec4 8;
    %jmp/0xz  T_0.0, 8;
    %pushi/vec4 0, 0, 2;
    %assign/vec4 v0x1050227f0_0, 0;
    %pushi/vec4 0, 0, 8;
    %assign/vec4 v0x105022930_0, 0;
    %pushi/vec4 0, 0, 3;
    %assign/vec4 v0x105022470_0, 0;
    %pushi/vec4 1, 0, 1;
    %assign/vec4 v0x105022ac0_0, 0;
    %pushi/vec4 0, 0, 1;
    %assign/vec4 v0x105022b70_0, 0;
    %jmp T_0.1;
T_0.0 ;
    %pushi/vec4 0, 0, 1;
    %assign/vec4 v0x105022b70_0, 0;
    %load/vec4 v0x1050227f0_0;
    %dup/vec4;
    %pushi/vec4 0, 0, 2;
    %cmp/e;
    %jmp/1 T_0.2, 6;
    %dup/vec4;
    %pushi/vec4 1, 0, 2;
    %cmp/e;
    %jmp/1 T_0.3, 6;
    %dup/vec4;
    %pushi/vec4 2, 0, 2;
    %cmp/e;
    %jmp/1 T_0.4, 6;
    %dup/vec4;
    %pushi/vec4 3, 0, 2;
    %cmp/e;
    %jmp/1 T_0.5, 6;
    %pushi/vec4 0, 0, 2;
    %assign/vec4 v0x1050227f0_0, 0;
    %jmp T_0.7;
T_0.2 ;
    %pushi/vec4 1, 0, 1;
    %assign/vec4 v0x105022ac0_0, 0;
    %load/vec4 v0x105022c20_0;
    %flag_set/vec4 8;
    %jmp/0xz  T_0.8, 8;
    %load/vec4 v0x105022890_0;
    %assign/vec4 v0x105022930_0, 0;
    %pushi/vec4 0, 0, 3;
    %assign/vec4 v0x105022470_0, 0;
    %pushi/vec4 1, 0, 2;
    %assign/vec4 v0x1050227f0_0, 0;
T_0.8 ;
    %jmp T_0.7;
T_0.3 ;
    %pushi/vec4 0, 0, 1;
    %assign/vec4 v0x105022ac0_0, 0;
    %pushi/vec4 2, 0, 2;
    %assign/vec4 v0x1050227f0_0, 0;
    %jmp T_0.7;
T_0.4 ;
    %load/vec4 v0x105022930_0;
    %load/vec4 v0x105022470_0;
    %part/u 1;
    %assign/vec4 v0x105022ac0_0, 0;
    %load/vec4 v0x105022470_0;
    %cmpi/e 7, 0, 3;
    %jmp/0xz  T_0.10, 4;
    %pushi/vec4 3, 0, 2;
    %assign/vec4 v0x1050227f0_0, 0;
    %jmp T_0.11;
T_0.10 ;
    %load/vec4 v0x105022470_0;
    %addi 1, 0, 3;
    %assign/vec4 v0x105022470_0, 0;
T_0.11 ;
    %jmp T_0.7;
T_0.5 ;
    %pushi/vec4 1, 0, 1;
    %assign/vec4 v0x105022ac0_0, 0;
    %pushi/vec4 1, 0, 1;
    %assign/vec4 v0x105022b70_0, 0;
    %pushi/vec4 0, 0, 2;
    %assign/vec4 v0x1050227f0_0, 0;
    %jmp T_0.7;
T_0.7 ;
    %pop/vec4 1;
T_0.1 ;
    %jmp T_0;
    .thread T_0;
# The file index is used to find the file name in the following table.
:file_names 3;
    "N/A";
    "<interactive>";
    "uart_tx.v";
